{"Action":"Add","Id":1,"Item":{"Id":1,"Name":"","Size":null,"IsDirectory":true,"Parent":"","Path":"/","Trigrams":[]}}
{"Action":"Add","Id":2,"Item":{"Id":2,"Name":"root_1","Size":null,"IsDirectory":true,"Parent":"/","Path":"/root_1","Trigrams":["roo","oot","ot_","t_1"]}}
{"Action":"Add","Id":3,"Item":{"Id":3,"Name":"builder-debug.yml","Size":7415,"IsDirectory":false,"Parent":"/root_1","Path":"/root_1/builder-debug.yml","Trigrams":["bui","uil","ild","lde","der","er-","r-d","-de","deb","ebu","bug","ug.","g.y",".ym","yml"]}}
{"Action":"Add","Id":4,"Item":{"Id":4,"Name":"iisstart.htm","Size":691,"IsDirectory":false,"Parent":"/root_1","Path":"/root_1/iisstart.htm","Trigrams":["iis","iss","sst","sta","tar","art","rt.","t.h",".ht","htm"]}}
{"Action":"Add","Id":5,"Item":{"Id":5,"Name":"root_2","Size":null,"IsDirectory":true,"Parent":"/","Path":"/root_2","Trigrams":["roo","oot","ot_","t_2"]}}
{"Action":"Add","Id":6,"Item":{"Id":6,"Name":"books.txt","Size":743,"IsDirectory":false,"Parent":"/root_2","Path":"/root_2/books.txt","Trigrams":["boo","ook","oks","ks.","s.t",".tx","txt"]}}
{"Action":"Add","Id":7,"Item":{"Id":7,"Name":"iisstart.htm","Size":691,"IsDirectory":false,"Parent":"/root_2","Path":"/root_2/iisstart.htm","Trigrams":["iis","iss","sst","sta","tar","art","rt.","t.h",".ht","htm"]}}
{"Action":"Add","Id":8,"Item":{"Id":8,"Name":"iis.png","Size":98757,"IsDirectory":false,"Parent":"/","Path":"/iis.png","Trigrams":["iis","is.","s.p",".pn","png"]}}
{"Action":"Update","Id":3,"Item":{"Id":3,"Name":"builder-debug.yml","Size":7415,"IsDirectory":false,"Parent":"/root_2","Path":"/root_2/builder-debug.yml","Trigrams":["bui","uil","ild","lde","der","er-","r-d","-de","deb","ebu","bug","ug.","g.y",".ym","yml"]}}
{"Action":"Update","Id":4,"Item":{"Id":4,"Name":"iisstart.htm","Size":691,"IsDirectory":false,"Parent":"/","Path":"/iisstart.htm","Trigrams":["iis","iss","sst","sta","tar","art","rt.","t.h",".ht","htm"]}}
{"Action":"Delete","Id":2,"Item":null}
{"Action":"Add","Id":9,"Item":{"Id":9,"Name":"root_1","Size":null,"IsDirectory":true,"Parent":"/","Path":"/root_1","Trigrams":["roo","oot","ot_","t_1"]}}
{"Action":"Update","Id":4,"Item":{"Id":4,"Name":"iisstart.htm","Size":691,"IsDirectory":false,"Parent":"/root_1","Path":"/root_1/iisstart.htm","Trigrams":["iis","iss","sst","sta","tar","art","rt.","t.h",".ht","htm"]}}
{"Action":"Add","Id":10,"Item":{"Id":10,"Name":"iisstart.htm","Size":691,"IsDirectory":false,"Parent":"/","Path":"/iisstart.htm","Trigrams":["iis","iss","sst","sta","tar","art","rt.","t.h",".ht","htm"]}}
{"Action":"Add","Id":11,"Item":{"Id":11,"Name":"root_2","Size":null,"IsDirectory":true,"Parent":"/root_1","Path":"/root_1/root_2","Trigrams":["roo","oot","ot_","t_2"]}}
{"Action":"Add","Id":12,"Item":{"Id":12,"Name":"builder-debug.yml","Size":7415,"IsDirectory":false,"Parent":"/root_1/root_2","Path":"/root_1/root_2/builder-debug.yml","Trigrams":["bui","uil","ild","lde","der","er-","r-d","-de","deb","ebu","bug","ug.","g.y",".ym","yml"]}}
{"Action":"Add","Id":13,"Item":{"Id":13,"Name":"books.txt","Size":743,"IsDirectory":false,"Parent":"/root_1/root_2","Path":"/root_1/root_2/books.txt","Trigrams":["boo","ook","oks","ks.","s.t",".tx","txt"]}}
{"Action":"Add","Id":14,"Item":{"Id":14,"Name":"iisstart.htm","Size":691,"IsDirectory":false,"Parent":"/root_1/root_2","Path":"/root_1/root_2/iisstart.htm","Trigrams":["iis","iss","sst","sta","tar","art","rt.","t.h",".ht","htm"]}}
{"Action":"Delete","Id":12,"Item":null}
{"Action":"Delete","Id":13,"Item":null}
{"Action":"Delete","Id":14,"Item":null}
{"Action":"Delete","Id":11,"Item":null}
